{"E:\\HOC TAP\\JS\\Test\\src\\lastDayOfMonth.js": {"path":"E:\\HOC TAP\\JS\\Test\\src\\lastDayOfMonth.js","statementMap":{"0":{"start":{"line":9,"column":2},"end":{"line":13,"column":3}},"1":{"start":{"line":10,"column":4},"end":{"line":10,"column":44}},"2":{"start":{"line":11,"column":9},"end":{"line":13,"column":3}},"3":{"start":{"line":12,"column":4},"end":{"line":12,"column":40}},"4":{"start":{"line":14,"column":2},"end":{"line":18,"column":3}},"5":{"start":{"line":15,"column":4},"end":{"line":15,"column":45}},"6":{"start":{"line":16,"column":9},"end":{"line":18,"column":3}},"7":{"start":{"line":17,"column":4},"end":{"line":17,"column":43}},"8":{"start":{"line":19,"column":26},"end":{"line":25,"column":3}},"9":{"start":{"line":26,"column":2},"end":{"line":26,"column":38}}},"fnMap":{"0":{"name":"getLastDay","decl":{"start":{"line":8,"column":16},"end":{"line":8,"column":26}},"loc":{"start":{"line":8,"column":40},"end":{"line":27,"column":1}},"line":8}},"branchMap":{"0":{"loc":{"start":{"line":9,"column":2},"end":{"line":13,"column":3}},"type":"if","locations":[{"start":{"line":9,"column":2},"end":{"line":13,"column":3}},{"start":{"line":11,"column":9},"end":{"line":13,"column":3}}],"line":9},"1":{"loc":{"start":{"line":11,"column":9},"end":{"line":13,"column":3}},"type":"if","locations":[{"start":{"line":11,"column":9},"end":{"line":13,"column":3}},{"start":{},"end":{}}],"line":11},"2":{"loc":{"start":{"line":14,"column":2},"end":{"line":18,"column":3}},"type":"if","locations":[{"start":{"line":14,"column":2},"end":{"line":18,"column":3}},{"start":{"line":16,"column":9},"end":{"line":18,"column":3}}],"line":14},"3":{"loc":{"start":{"line":16,"column":9},"end":{"line":18,"column":3}},"type":"if","locations":[{"start":{"line":16,"column":9},"end":{"line":18,"column":3}},{"start":{},"end":{}}],"line":16},"4":{"loc":{"start":{"line":16,"column":13},"end":{"line":16,"column":37}},"type":"binary-expr","locations":[{"start":{"line":16,"column":13},"end":{"line":16,"column":23}},{"start":{"line":16,"column":27},"end":{"line":16,"column":37}}],"line":16},"5":{"loc":{"start":{"line":20,"column":7},"end":{"line":20,"column":73}},"type":"cond-expr","locations":[{"start":{"line":20,"column":66},"end":{"line":20,"column":68}},{"start":{"line":20,"column":71},"end":{"line":20,"column":73}}],"line":20},"6":{"loc":{"start":{"line":20,"column":7},"end":{"line":20,"column":63}},"type":"binary-expr","locations":[{"start":{"line":20,"column":8},"end":{"line":20,"column":22}},{"start":{"line":20,"column":26},"end":{"line":20,"column":42}},{"start":{"line":20,"column":47},"end":{"line":20,"column":63}}],"line":20},"7":{"loc":{"start":{"line":26,"column":9},"end":{"line":26,"column":37}},"type":"binary-expr","locations":[{"start":{"line":26,"column":9},"end":{"line":26,"column":31}},{"start":{"line":26,"column":35},"end":{"line":26,"column":37}}],"line":26}},"s":{"0":20,"1":1,"2":19,"3":1,"4":18,"5":1,"6":17,"7":2,"8":15,"9":15},"f":{"0":20},"b":{"0":[1,19],"1":[1,18],"2":[1,17],"3":[2,15],"4":[17,16],"5":[2,13],"6":[15,3,14],"7":[15,7]},"_coverageSchema":"1a1c01bbd47fc00a2c39e90264f33305004495a9","hash":"a90f625a36fdcb0cf0d16f2bf325c71ae9613365"}
}
